[0.009s] Invoking command in '/home/rishi/robotics_SOI/build/robotcar': CMAKE_PREFIX_PATH=${CMAKE_PREFIX_PATH}:/opt/ros/humble /usr/bin/cmake /home/rishi/robotics_SOI/src/robotcar -DAMENT_CMAKE_SYMLINK_INSTALL=1 -DCMAKE_INSTALL_PREFIX=/home/rishi/robotics_SOI/install/robotcar
[0.056s] -- The C compiler identification is GNU 11.4.0
[0.106s] -- The CXX compiler identification is GNU 11.4.0
[0.111s] -- Detecting C compiler ABI info
[0.185s] -- Detecting C compiler ABI info - done
[0.193s] -- Check for working C compiler: /usr/bin/cc - skipped
[0.193s] -- Detecting C compile features
[0.193s] -- Detecting C compile features - done
[0.197s] -- Detecting CXX compiler ABI info
[0.277s] -- Detecting CXX compiler ABI info - done
[0.285s] -- Check for working CXX compiler: /usr/bin/c++ - skipped
[0.285s] -- Detecting CXX compile features
[0.286s] -- Detecting CXX compile features - done
[0.288s] -- Found ament_cmake: 1.3.10 (/opt/ros/humble/share/ament_cmake/cmake)
[0.423s] -- Found Python3: /usr/bin/python3 (found version "3.10.12") found components: Interpreter 
[0.463s] -- Override CMake install command with custom implementation using symlinks instead of copying resources
[0.476s] -- Found ament_lint_auto: 0.12.11 (/opt/ros/humble/share/ament_lint_auto/cmake)
[0.525s] -- Added test 'copyright' to check source files copyright and LICENSE
[0.526s] -- Added test 'flake8' to check Python code syntax and style conventions
[0.526s] -- Added test 'lint_cmake' to check CMake code style
[0.527s] -- Added test 'pep257' to check Python code against some of the docstring style conventions in PEP 257
[0.528s] -- Added test 'xmllint' to check XML markup files
[0.529s] -- Configuring done
[0.530s] -- Generating done
[0.531s] -- Build files have been written to: /home/rishi/robotics_SOI/build/robotcar
[0.536s] Invoked command in '/home/rishi/robotics_SOI/build/robotcar' returned '0': CMAKE_PREFIX_PATH=${CMAKE_PREFIX_PATH}:/opt/ros/humble /usr/bin/cmake /home/rishi/robotics_SOI/src/robotcar -DAMENT_CMAKE_SYMLINK_INSTALL=1 -DCMAKE_INSTALL_PREFIX=/home/rishi/robotics_SOI/install/robotcar
[0.537s] Invoking command in '/home/rishi/robotics_SOI/build/robotcar': CMAKE_PREFIX_PATH=${CMAKE_PREFIX_PATH}:/opt/ros/humble /usr/bin/cmake --build /home/rishi/robotics_SOI/build/robotcar -- -j16 -l16
[0.580s] Invoked command in '/home/rishi/robotics_SOI/build/robotcar' returned '0': CMAKE_PREFIX_PATH=${CMAKE_PREFIX_PATH}:/opt/ros/humble /usr/bin/cmake --build /home/rishi/robotics_SOI/build/robotcar -- -j16 -l16
[0.590s] Invoking command in '/home/rishi/robotics_SOI/build/robotcar': CMAKE_PREFIX_PATH=${CMAKE_PREFIX_PATH}:/opt/ros/humble /usr/bin/cmake --install /home/rishi/robotics_SOI/build/robotcar
[0.600s] -- Install configuration: ""
[0.600s] -- Execute custom install script
[0.601s] -- Symlinking: /home/rishi/robotics_SOI/install/robotcar/share/robotcar/config/empty.yaml
[0.611s] -- Symlinking: /home/rishi/robotics_SOI/install/robotcar/share/robotcar/description/robot.urdf.xacro
[0.620s] -- Symlinking: /home/rishi/robotics_SOI/install/robotcar/share/robotcar/launch/rsp.launch.py
[0.630s] -- Symlinking: /home/rishi/robotics_SOI/install/robotcar/share/robotcar/worlds/empty.world
[0.640s] -- Symlinking: /home/rishi/robotics_SOI/install/robotcar/share/ament_index/resource_index/package_run_dependencies/robotcar
[0.650s] -- Symlinking: /home/rishi/robotics_SOI/install/robotcar/share/ament_index/resource_index/parent_prefix_path/robotcar
[0.660s] -- Symlinking: /home/rishi/robotics_SOI/install/robotcar/share/robotcar/environment/ament_prefix_path.sh
[0.667s] -- Symlinking: /home/rishi/robotics_SOI/install/robotcar/share/robotcar/environment/ament_prefix_path.dsv
[0.676s] -- Symlinking: /home/rishi/robotics_SOI/install/robotcar/share/robotcar/environment/path.sh
[0.685s] -- Symlinking: /home/rishi/robotics_SOI/install/robotcar/share/robotcar/environment/path.dsv
[0.695s] -- Symlinking: /home/rishi/robotics_SOI/install/robotcar/share/robotcar/local_setup.bash
[0.704s] -- Symlinking: /home/rishi/robotics_SOI/install/robotcar/share/robotcar/local_setup.sh
[0.714s] -- Symlinking: /home/rishi/robotics_SOI/install/robotcar/share/robotcar/local_setup.zsh
[0.723s] -- Symlinking: /home/rishi/robotics_SOI/install/robotcar/share/robotcar/local_setup.dsv
[0.733s] -- Symlinking: /home/rishi/robotics_SOI/install/robotcar/share/robotcar/package.dsv
[0.744s] -- Symlinking: /home/rishi/robotics_SOI/install/robotcar/share/ament_index/resource_index/packages/robotcar
[0.753s] -- Symlinking: /home/rishi/robotics_SOI/install/robotcar/share/robotcar/cmake/robotcarConfig.cmake
[0.763s] -- Symlinking: /home/rishi/robotics_SOI/install/robotcar/share/robotcar/cmake/robotcarConfig-version.cmake
[0.769s] -- Symlinking: /home/rishi/robotics_SOI/install/robotcar/share/robotcar/package.xml
[0.779s] Invoked command in '/home/rishi/robotics_SOI/build/robotcar' returned '0': CMAKE_PREFIX_PATH=${CMAKE_PREFIX_PATH}:/opt/ros/humble /usr/bin/cmake --install /home/rishi/robotics_SOI/build/robotcar
