[0.013s] Invoking command in '/home/rishi/robotics_SOI/build/robotcar': CMAKE_PREFIX_PATH=/opt/ros/humble /usr/bin/cmake --build /home/rishi/robotics_SOI/build/robotcar -- -j16 -l16
[0.103s] Invoked command in '/home/rishi/robotics_SOI/build/robotcar' returned '0': CMAKE_PREFIX_PATH=/opt/ros/humble /usr/bin/cmake --build /home/rishi/robotics_SOI/build/robotcar -- -j16 -l16
[0.113s] Invoking command in '/home/rishi/robotics_SOI/build/robotcar': CMAKE_PREFIX_PATH=/opt/ros/humble /usr/bin/cmake --install /home/rishi/robotics_SOI/build/robotcar
[0.123s] -- Install configuration: ""
[0.124s] -- Execute custom install script
[0.125s] -- Symlinking: /home/rishi/robotics_SOI/install/robotcar/share/robotcar/config/drive_bot.rviz
[0.136s] -- Up-to-date symlink: /home/rishi/robotics_SOI/install/robotcar/share/robotcar/config/empty.yaml
[0.136s] -- Up-to-date symlink: /home/rishi/robotics_SOI/install/robotcar/share/robotcar/config/robotcar.rviz
[0.136s] -- Up-to-date symlink: /home/rishi/robotics_SOI/install/robotcar/share/robotcar/description/gazebo_control.xacro
[0.137s] -- Up-to-date symlink: /home/rishi/robotics_SOI/install/robotcar/share/robotcar/description/inertial_macros.xacro
[0.137s] -- Symlinking: /home/rishi/robotics_SOI/install/robotcar/share/robotcar/description/lidar.xacro
[0.146s] -- Up-to-date symlink: /home/rishi/robotics_SOI/install/robotcar/share/robotcar/description/robot.urdf.xacro
[0.146s] -- Up-to-date symlink: /home/rishi/robotics_SOI/install/robotcar/share/robotcar/description/robot_core.xacro
[0.146s] -- Up-to-date symlink: /home/rishi/robotics_SOI/install/robotcar/share/robotcar/launch/launch_sim.launch.py
[0.147s] -- Up-to-date symlink: /home/rishi/robotics_SOI/install/robotcar/share/robotcar/launch/rsp.launch.py
[0.147s] -- Up-to-date symlink: /home/rishi/robotics_SOI/install/robotcar/share/robotcar/worlds/empty.world
[0.147s] -- Symlinking: /home/rishi/robotics_SOI/install/robotcar/share/robotcar/worlds/obstacles.world
[0.157s] -- Up-to-date symlink: /home/rishi/robotics_SOI/install/robotcar/share/ament_index/resource_index/package_run_dependencies/robotcar
[0.157s] -- Up-to-date symlink: /home/rishi/robotics_SOI/install/robotcar/share/ament_index/resource_index/parent_prefix_path/robotcar
[0.158s] -- Up-to-date symlink: /home/rishi/robotics_SOI/install/robotcar/share/robotcar/environment/ament_prefix_path.sh
[0.158s] -- Up-to-date symlink: /home/rishi/robotics_SOI/install/robotcar/share/robotcar/environment/ament_prefix_path.dsv
[0.158s] -- Up-to-date symlink: /home/rishi/robotics_SOI/install/robotcar/share/robotcar/environment/path.sh
[0.158s] -- Up-to-date symlink: /home/rishi/robotics_SOI/install/robotcar/share/robotcar/environment/path.dsv
[0.158s] -- Up-to-date symlink: /home/rishi/robotics_SOI/install/robotcar/share/robotcar/local_setup.bash
[0.159s] -- Up-to-date symlink: /home/rishi/robotics_SOI/install/robotcar/share/robotcar/local_setup.sh
[0.159s] -- Up-to-date symlink: /home/rishi/robotics_SOI/install/robotcar/share/robotcar/local_setup.zsh
[0.159s] -- Up-to-date symlink: /home/rishi/robotics_SOI/install/robotcar/share/robotcar/local_setup.dsv
[0.159s] -- Symlinking: /home/rishi/robotics_SOI/install/robotcar/share/robotcar/package.dsv
[0.167s] -- Up-to-date symlink: /home/rishi/robotics_SOI/install/robotcar/share/ament_index/resource_index/packages/robotcar
[0.168s] -- Up-to-date symlink: /home/rishi/robotics_SOI/install/robotcar/share/robotcar/cmake/robotcarConfig.cmake
[0.168s] -- Up-to-date symlink: /home/rishi/robotics_SOI/install/robotcar/share/robotcar/cmake/robotcarConfig-version.cmake
[0.168s] -- Up-to-date symlink: /home/rishi/robotics_SOI/install/robotcar/share/robotcar/package.xml
[0.170s] Invoked command in '/home/rishi/robotics_SOI/build/robotcar' returned '0': CMAKE_PREFIX_PATH=/opt/ros/humble /usr/bin/cmake --install /home/rishi/robotics_SOI/build/robotcar
